{
  "RSpec": {
    "coverage": {
      "/Users/student/bookmark/spec/bookmark_spec.rb": [
        1,
        null,
        null,
        1,
        1,
        1,
        null,
        null,
        null,
        1,
        1,
        1,
        null,
        1,
        null,
        1,
        1,
        1,
        null,
        null,
        null,
        1,
        1,
        1,
        null,
        1,
        null,
        null,
        null
      ],
      "/Users/student/bookmark/spec/features/creating_bookmarks_spec.rb": [
        1,
        1,
        1,
        1,
        1,
        null,
        1,
        null,
        null
      ],
      "/Users/student/bookmark/spec/features/test_spec.rb": [
        1,
        null,
        1,
        1,
        null,
        1,
        1,
        1,
        null,
        null
      ],
      "/Users/student/bookmark/spec/features/viewing_bookmarks_spec.rb": [
        1,
        null,
        1,
        null,
        1,
        null,
        null,
        null,
        null,
        null,
        null,
        1,
        1,
        1,
        null,
        1,
        null,
        1,
        1,
        1,
        null,
        null,
        null
      ]
    },
    "timestamp": 1574870083
  }
}
